#
# There is insufficient memory for the Java Runtime Environment to continue.
# Native memory allocation (malloc) failed to allocate 32744 bytes for ChunkPool::allocate
# Possible reasons:
#   The system is out of physical RAM or swap space
#   In 32 bit mode, the process size limit was hit
# Possible solutions:
#   Reduce memory load on the system
#   Increase physical memory or swap space
#   Check if swap backing store is full
#   Use 64 bit Java on a 64 bit OS
#   Decrease Java heap size (-Xmx/-Xms)
#   Decrease number of Java threads
#   Decrease Java thread stack sizes (-Xss)
#   Set larger code cache with -XX:ReservedCodeCacheSize=
# This output file may be truncated or incomplete.
#
#  Out of Memory Error (allocation.cpp:273), pid=7244, tid=8880
#
# JRE version: Java(TM) SE Runtime Environment (8.0_31-b13) (build 1.8.0_31-b13)
# Java VM: Java HotSpot(TM) 64-Bit Server VM (25.31-b07 mixed mode windows-amd64 compressed oops)
# Failed to write core dump. Minidumps are not enabled by default on client versions of Windows
#

---------------  T H R E A D  ---------------

Current thread (0x0000000058e40800):  JavaThread "C2 CompilerThread1" daemon [_thread_in_native, id=8880, stack(0x0000000058350000,0x0000000058450000)]

Stack: [0x0000000058350000,0x0000000058450000]
[error occurred during error reporting (printing stack bounds), id 0xc0000005]

Native frames: (J=compiled Java code, j=interpreted, Vv=VM code, C=native code)
V  [jvm.dll+0x3169ba]


Current CompileTask:
C2:    937  393   !   4       javax.swing.UIManager::getLAFState (62 bytes)


---------------  P R O C E S S  ---------------

Java Threads: ( => current thread )
  0x00000000003fd800 JavaThread "DestroyJavaVM" [_thread_blocked, id=5576, stack(0x0000000001ff0000,0x00000000020f0000)]
  0x0000000059227800 JavaThread "AWT-EventQueue-0" [_thread_in_native, id=6456, stack(0x000000005a510000,0x000000005a610000)]
  0x00000000591c5800 JavaThread "AWT-Windows" daemon [_thread_in_native, id=10792, stack(0x0000000059b30000,0x0000000059c30000)]
  0x00000000591c4800 JavaThread "AWT-Shutdown" [_thread_blocked, id=6952, stack(0x00000000597d0000,0x00000000598d0000)]
  0x00000000591c2000 JavaThread "Java2D Disposer" daemon [_thread_blocked, id=5516, stack(0x00000000598e0000,0x00000000599e0000)]
  0x0000000058ed3800 JavaThread "Service Thread" daemon [_thread_blocked, id=5168, stack(0x0000000059400000,0x0000000059500000)]
  0x0000000058e41000 JavaThread "C1 CompilerThread2" daemon [_thread_in_native, id=7776, stack(0x00000000592b0000,0x00000000593b0000)]
=>0x0000000058e40800 JavaThread "C2 CompilerThread1" daemon [_thread_in_native, id=8880, stack(0x0000000058350000,0x0000000058450000)]
  0x0000000056dd5000 JavaThread "C2 CompilerThread0" daemon [_thread_in_native, id=9056, stack(0x0000000058d30000,0x0000000058e30000)]
  0x0000000056dd1800 JavaThread "Attach Listener" daemon [_thread_blocked, id=4648, stack(0x0000000057cd0000,0x0000000057dd0000)]
  0x0000000056dd0000 JavaThread "Signal Dispatcher" daemon [_thread_blocked, id=6720, stack(0x0000000058090000,0x0000000058190000)]
  0x0000000056d6e800 JavaThread "Finalizer" daemon [_thread_blocked, id=9512, stack(0x0000000058220000,0x0000000058320000)]
  0x0000000056d6b800 JavaThread "Reference Handler" daemon [_thread_blocked, id=9736, stack(0x0000000057f70000,0x0000000058070000)]

Other Threads:
  0x0000000056d67800 VMThread [stack: 0x0000000057dd0000,0x0000000057ed0000] [id=4212]
  0x0000000058ed9000 WatcherThread [stack: 0x0000000059630000,0x0000000059730000] [id=4560]

VM state:not at safepoint (normal execution)

VM Mutex/Monitor currently owned by a thread: None

Heap:
 PSYoungGen      total 35840K, used 6759K [0x00000000d8100000, 0x00000000da900000, 0x0000000100000000)
  eden space 30720K, 22% used [0x00000000d8100000,0x00000000d8799f00,0x00000000d9f00000)
  from space 5120K, 0% used [0x00000000da400000,0x00000000da400000,0x00000000da900000)
  to   space 5120K, 0% used [0x00000000d9f00000,0x00000000d9f00000,0x00000000da400000)
 ParOldGen       total 81920K, used 0K [0x0000000088200000, 0x000000008d200000, 0x00000000d8100000)
  object space 81920K, 0% used [0x0000000088200000,0x0000000088200000,0x000000008d200000)
 Metaspace       used 10174K, capacity 10330K, committed 10752K, reserved 1058816K
  class space    used 1347K, capacity 1411K, committed 1536K, reserved 1048576K

Card table byte_map: [0x0000000011780000,0x0000000011b40000] byte_map_base: 0x000000001133f000

Marking Bits: (ParMarkBitMap*) 0x0000000058c4d4f0
 Begin Bits: [0x0000000012430000, 0x0000000014228000)
 End Bits:   [0x0000000014228000, 0x0000000016020000)

Polling page: 0x00000000001d0000

CodeCache: size=245760Kb used=1879Kb max_used=1891Kb free=243880Kb
 bounds [0x00000000023c0000, 0x0000000002630000, 0x00000000113c0000]
 total_blobs=782 nmethods=382 adapters=315
 compilation: enabled

Compilation events (10 events):
Event: 0.906 Thread 0x0000000058e41000  378       3       java.lang.Character::charCount (12 bytes)
Event: 0.907 Thread 0x0000000058e41000 nmethod 378 0x0000000002592a10 code [0x0000000002592b60, 0x0000000002592cf0]
Event: 0.907 Thread 0x0000000058e41000  380       3       javax.swing.ArrayTable::size (46 bytes)
Event: 0.907 Thread 0x0000000058e40800  381       4       java.util.Arrays::copyOfRange (63 bytes)
Event: 0.907 Thread 0x0000000058e41000 nmethod 380 0x0000000002592110 code [0x00000000025922a0, 0x0000000002592888]
Event: 0.907 Thread 0x0000000058e41000  382       1       java.lang.System::getSecurityManager (4 bytes)
Event: 0.907 Thread 0x0000000058e41000 nmethod 382 0x00000000025977d0 code [0x0000000002597920, 0x0000000002597a10]
Event: 0.908 Thread 0x0000000058e41000  384       3       javax.swing.plaf.nimbus.NimbusStyle::validate (1178 bytes)
Event: 0.909 Thread 0x0000000058e40800 nmethod 381 0x0000000002595a50 code [0x0000000002595ba0, 0x0000000002595d98]
Event: 0.918 Thread 0x0000000058e40800  393   !   4       javax.swing.UIManager::getLAFState (62 bytes)

GC Heap History (0 events):
No events

Deoptimization events (1 events):
Event: 0.886 Thread 0x0000000059227800 Uncommon trap: reason=unreached action=reinterpret pc=0x000000000258f730 method=java.util.HashMap.getNode(ILjava/lang/Object;)Ljava/util/HashMap$Node; @ 84

Internal exceptions (10 events):
Event: 0.600 Thread 0x00000000003fd800 Exception <a 'java/security/PrivilegedActionException'> (0x00000000d85015b8) thrown at [C:\workspace\8-2-build-windows-amd64-cygwin\jdk8u31\2394\hotspot\src\share\vm\prims\jvm.cpp, line 1312]
Event: 0.600 Thread 0x00000000003fd800 Exception <a 'java/security/PrivilegedActionException'> (0x00000000d85027f0) thrown at [C:\workspace\8-2-build-windows-amd64-cygwin\jdk8u31\2394\hotspot\src\share\vm\prims\jvm.cpp, line 1312]
Event: 0.602 Thread 0x00000000003fd800 Exception <a 'java/security/PrivilegedActionException'> (0x00000000d8506ef8) thrown at [C:\workspace\8-2-build-windows-amd64-cygwin\jdk8u31\2394\hotspot\src\share\vm\prims\jvm.cpp, line 1312]
Event: 0.602 Thread 0x00000000003fd800 Exception <a 'java/security/PrivilegedActionException'> (0x00000000d8508130) thrown at [C:\workspace\8-2-build-windows-amd64-cygwin\jdk8u31\2394\hotspot\src\share\vm\prims\jvm.cpp, line 1312]
Event: 0.622 Thread 0x00000000003fd800 Exception <a 'java/security/PrivilegedActionException'> (0x00000000d855adf8) thrown at [C:\workspace\8-2-build-windows-amd64-cygwin\jdk8u31\2394\hotspot\src\share\vm\prims\jvm.cpp, line 1312]
Event: 0.732 Thread 0x0000000059227800 Exception <a 'java/security/PrivilegedActionException'> (0x00000000d85db888) thrown at [C:\workspace\8-2-build-windows-amd64-cygwin\jdk8u31\2394\hotspot\src\share\vm\prims\jvm.cpp, line 1312]
Event: 0.732 Thread 0x0000000059227800 Exception <a 'java/security/PrivilegedActionException'> (0x00000000d85dcde0) thrown at [C:\workspace\8-2-build-windows-amd64-cygwin\jdk8u31\2394\hotspot\src\share\vm\prims\jvm.cpp, line 1312]
Event: 0.733 Thread 0x0000000059227800 Exception <a 'java/security/PrivilegedActionException'> (0x00000000d85df9c0) thrown at [C:\workspace\8-2-build-windows-amd64-cygwin\jdk8u31\2394\hotspot\src\share\vm\prims\jvm.cpp, line 1312]
Event: 0.733 Thread 0x0000000059227800 Exception <a 'java/security/PrivilegedActionException'> (0x00000000d85e0f18) thrown at [C:\workspace\8-2-build-windows-amd64-cygwin\jdk8u31\2394\hotspot\src\share\vm\prims\jvm.cpp, line 1312]
Event: 0.783 Thread 0x0000000059227800 Exception <a 'java/security/PrivilegedActionException'> (0x00000000d865a040) thrown at [C:\workspace\8-2-build-windows-amd64-cygwin\jdk8u31\2394\hotspot\src\share\vm\prims\jvm.cpp, line 1312]

Events (10 events):
Event: 0.914 loading class javax/swing/plaf/synth/SynthComboBoxUI$EditorFocusHandler
Event: 0.915 loading class javax/swing/plaf/synth/SynthComboBoxUI$EditorFocusHandler done
Event: 0.915 loading class javax/swing/plaf/basic/BasicComboBoxUI$Handler
Event: 0.915 loading class javax/swing/plaf/basic/BasicComboBoxUI$Handler done
Event: 0.916 loading class javax/swing/plaf/basic/BasicComboBoxUI$DefaultKeySelectionManager
Event: 0.916 loading class javax/swing/JComboBox$KeySelectionManager
Event: 0.916 loading class javax/swing/JComboBox$KeySelectionManager done
Event: 0.916 loading class javax/swing/plaf/basic/BasicComboBoxUI$DefaultKeySelectionManager done
Event: 0.917 loading class javax/swing/plaf/nimbus/ButtonPainter
Event: 0.917 loading class javax/swing/plaf/nimbus/ButtonPainter done


Dynamic libraries:
0x000000013fe60000 - 0x000000013fe94000 	X:\Program Files\Java\jdk1.8.0_31\bin\java.exe
0x0000000077890000 - 0x0000000077a39000 	X:\Windows\SYSTEM32\ntdll.dll
0x0000000077770000 - 0x000000007788f000 	X:\Windows\system32\kernel32.dll
0x000007fefd7c0000 - 0x000007fefd82c000 	X:\Windows\system32\KERNELBASE.dll
0x000007feff6c0000 - 0x000007feff79b000 	X:\Windows\system32\ADVAPI32.dll
0x000007fefdc00000 - 0x000007fefdc9f000 	X:\Windows\system32\msvcrt.dll
0x000007feffb80000 - 0x000007feffb9f000 	X:\Windows\SYSTEM32\sechost.dll
0x000007fefda10000 - 0x000007fefdb3d000 	X:\Windows\system32\RPCRT4.dll
0x0000000077670000 - 0x000000007776a000 	X:\Windows\system32\USER32.dll
0x000007fefdca0000 - 0x000007fefdd07000 	X:\Windows\system32\GDI32.dll
0x000007fefe180000 - 0x000007fefe18e000 	X:\Windows\system32\LPK.dll
0x000007feff2e0000 - 0x000007feff3a9000 	X:\Windows\system32\USP10.dll
0x000007fefc1b0000 - 0x000007fefc3a4000 	X:\Windows\WinSxS\amd64_microsoft.windows.common-controls_6595b64144ccf1df_6.0.7601.17514_none_fa396087175ac9ac\COMCTL32.dll
0x000007feff640000 - 0x000007feff6b1000 	X:\Windows\system32\SHLWAPI.dll
0x000007feff400000 - 0x000007feff42e000 	X:\Windows\system32\IMM32.DLL
0x000007fefe190000 - 0x000007fefe299000 	X:\Windows\system32\MSCTF.dll
0x0000000064fe0000 - 0x00000000650b2000 	X:\Program Files\Java\jdk1.8.0_31\jre\bin\msvcr100.dll
0x0000000058470000 - 0x0000000058cca000 	X:\Program Files\Java\jdk1.8.0_31\jre\bin\server\jvm.dll
0x000007fefa760000 - 0x000007fefa769000 	X:\Windows\system32\WSOCK32.dll
0x000007feff3b0000 - 0x000007feff3fd000 	X:\Windows\system32\WS2_32.dll
0x000007fefe170000 - 0x000007fefe178000 	X:\Windows\system32\NSI.dll
0x000007fef78f0000 - 0x000007fef792b000 	X:\Windows\system32\WINMM.dll
0x0000000077a50000 - 0x0000000077a57000 	X:\Windows\system32\PSAPI.DLL
0x00000000720c0000 - 0x00000000720cf000 	X:\Program Files\Java\jdk1.8.0_31\jre\bin\verify.dll
0x0000000070380000 - 0x00000000703a8000 	X:\Program Files\Java\jdk1.8.0_31\jre\bin\java.dll
0x0000000071870000 - 0x0000000071886000 	X:\Program Files\Java\jdk1.8.0_31\jre\bin\zip.dll
0x000007fefe550000 - 0x000007feff2d8000 	X:\Windows\system32\SHELL32.dll
0x000007feff430000 - 0x000007feff633000 	X:\Windows\system32\ole32.dll
0x000007fefd650000 - 0x000007fefd65f000 	X:\Windows\system32\profapi.dll
0x000000005b0f0000 - 0x000000005b288000 	X:\Program Files\Java\jdk1.8.0_31\jre\bin\awt.dll
0x000007feff980000 - 0x000007feffa57000 	X:\Windows\system32\OLEAUT32.dll
0x000007fefbe30000 - 0x000007fefbe86000 	X:\Windows\system32\uxtheme.dll
0x000007fefb7f0000 - 0x000007fefb808000 	X:\Windows\system32\dwmapi.dll
0x000007fefd4f0000 - 0x000007fefd4ff000 	X:\Windows\system32\CRYPTBASE.dll
0x0000000067010000 - 0x0000000067057000 	X:\Program Files\Java\jdk1.8.0_31\jre\bin\fontmanager.dll
0x000007fee9140000 - 0x000007fee933f000 	X:\Windows\system32\d3d9.dll
0x000007fefc6d0000 - 0x000007fefc6dc000 	X:\Windows\system32\VERSION.dll
0x000007fefa750000 - 0x000007fefa757000 	X:\Windows\system32\d3d8thk.dll
0x000007fef6b10000 - 0x000007fef6c5c000 	X:\Windows\system32\aticfx64.dll
0x000007feedea0000 - 0x000007feedec1000 	X:\Windows\system32\atiu9p64.dll
0x000007fee7e30000 - 0x000007fee8626000 	X:\Windows\system32\atiumd64.dll
0x000000005b290000 - 0x000000005ba98000 	X:\Windows\system32\atiumd6a.dll
0x000007fefc6a0000 - 0x000007fefc6cc000 	X:\Windows\system32\POWRPROF.dll
0x000007feff7a0000 - 0x000007feff977000 	X:\Windows\system32\SETUPAPI.dll
0x000007fefd9a0000 - 0x000007fefd9d6000 	X:\Windows\system32\CFGMGR32.dll
0x000007fefd6e0000 - 0x000007fefd6fa000 	X:\Windows\system32\DEVOBJ.dll

VM Arguments:
jvm_args: -Dfile.encoding=UTF-8 
java_command: RhymingDictionary.RhymingDictionary
java_class_path (initial): X:\Users\Alain\Documents\Rhyming Dictionary\RhymingDictionary\build\classes
Launcher Type: SUN_STANDARD

Environment Variables:
PATH=X:\Python34\;X:\Python34\Scripts;X:\ProgramData\Oracle\Java\javapath;X:\Program Files (x86)\NVIDIA Corporation\PhysX\Common;X:\Program Files\Common Files\Microsoft Shared\Windows Live;X:\Program Files (x86)\Common Files\Microsoft Shared\Windows Live;X:\Program Files (x86)\AMD APP\bin\x86_64;X:\Program Files (x86)\AMD APP\bin\x86;X:\Windows\system32;X:\Windows;X:\Windows\System32\Wbem;X:\Windows\System32\WindowsPowerShell\v1.0\;X:\Program Files (x86)\ATI Technologies\ATI.ACE\Core-Static;X:\Program Files (x86)\Windows Live\Shared;X:\Program Files (x86)\AMD\ATI.ACE\Core-Static
USERNAME=Alain
OS=Windows_NT
PROCESSOR_IDENTIFIER=AMD64 Family 18 Model 1 Stepping 0, AuthenticAMD



---------------  S Y S T E M  ---------------

OS: Windows 7 , 64 bit Build 7601 Service Pack 1

CPU:total 4 (4 cores per cpu, 1 threads per core) family 18 model 1 stepping 0, cmov, cx8, fxsr, mmx, sse, sse2, sse3, popcnt, mmxext, 3dnowpref, lzcnt, sse4a, tsc, tscinvbit, tscinv

Memory: 4k page, physical 7853484k(124364k free), swap 9706480k(5076k free)

vm_info: Java HotSpot(TM) 64-Bit Server VM (25.31-b07) for windows-amd64 JRE (1.8.0_31-b13), built on Dec 17 2014 21:00:28 by "java_re" with MS VC++ 10.0 (VS2010)

time: Fri Mar 13 19:49:37 2015
elapsed time: 0 seconds (0d 0h 0m 0s)

