#
# There is insufficient memory for the Java Runtime Environment to continue.
# Native memory allocation (malloc) failed to allocate 208976 bytes for Chunk::new
# Possible reasons:
#   The system is out of physical RAM or swap space
#   In 32 bit mode, the process size limit was hit
# Possible solutions:
#   Reduce memory load on the system
#   Increase physical memory or swap space
#   Check if swap backing store is full
#   Use 64 bit Java on a 64 bit OS
#   Decrease Java heap size (-Xmx/-Xms)
#   Decrease number of Java threads
#   Decrease Java thread stack sizes (-Xss)
#   Set larger code cache with -XX:ReservedCodeCacheSize=
# This output file may be truncated or incomplete.
#
#  Out of Memory Error (allocation.cpp:390), pid=10512, tid=5624
#
# JRE version: Java(TM) SE Runtime Environment (8.0_31-b13) (build 1.8.0_31-b13)
# Java VM: Java HotSpot(TM) 64-Bit Server VM (25.31-b07 mixed mode windows-amd64 compressed oops)
# Failed to write core dump. Minidumps are not enabled by default on client versions of Windows
#

---------------  T H R E A D  ---------------

Current thread (0x00000000583e2800):  JavaThread "C2 CompilerThread0" daemon [_thread_in_native, id=5624, stack(0x0000000058ac0000,0x0000000058bc0000)]

Stack: [0x0000000058ac0000,0x0000000058bc0000]
[error occurred during error reporting (printing stack bounds), id 0xc0000005]

Native frames: (J=compiled Java code, j=interpreted, Vv=VM code, C=native code)
V  [jvm.dll+0x3169ba]


Current CompileTask:
C2:  13724 1099       4       java.awt.Container::findComponentAtImpl (315 bytes)


---------------  P R O C E S S  ---------------

Java Threads: ( => current thread )
  0x000000005961d800 JavaThread "TimerQueue" daemon [_thread_blocked, id=9996, stack(0x000000005cd20000,0x000000005ce20000)]
  0x000000000200d800 JavaThread "DestroyJavaVM" [_thread_blocked, id=8344, stack(0x0000000002320000,0x0000000002420000)]
  0x00000000587b8000 JavaThread "AWT-EventQueue-0" [_thread_in_vm, id=5964, stack(0x0000000059c20000,0x0000000059d20000)]
  0x0000000058758800 JavaThread "AWT-Windows" daemon [_thread_in_native, id=4104, stack(0x00000000591e0000,0x00000000592e0000)]
  0x0000000058757800 JavaThread "AWT-Shutdown" [_thread_blocked, id=9084, stack(0x00000000592f0000,0x00000000593f0000)]
  0x0000000058755000 JavaThread "Java2D Disposer" daemon [_thread_blocked, id=8360, stack(0x00000000590a0000,0x00000000591a0000)]
  0x0000000058470000 JavaThread "Service Thread" daemon [_thread_blocked, id=912, stack(0x0000000058dd0000,0x0000000058ed0000)]
  0x0000000057096800 JavaThread "C1 CompilerThread2" daemon [_thread_blocked, id=6904, stack(0x0000000058140000,0x0000000058240000)]
  0x00000000583e7800 JavaThread "C2 CompilerThread1" daemon [_thread_in_native, id=2540, stack(0x0000000058c10000,0x0000000058d10000)]
=>0x00000000583e2800 JavaThread "C2 CompilerThread0" daemon [_thread_in_native, id=5624, stack(0x0000000058ac0000,0x0000000058bc0000)]
  0x0000000057094800 JavaThread "Attach Listener" daemon [_thread_blocked, id=3372, stack(0x0000000058800000,0x0000000058900000)]
  0x0000000057093800 JavaThread "Signal Dispatcher" daemon [_thread_blocked, id=7212, stack(0x0000000058900000,0x0000000058a00000)]
  0x0000000057037800 JavaThread "Finalizer" daemon [_thread_blocked, id=10112, stack(0x00000000582e0000,0x00000000583e0000)]
  0x000000005702e800 JavaThread "Reference Handler" daemon [_thread_blocked, id=5164, stack(0x0000000058020000,0x0000000058120000)]

Other Threads:
  0x000000005702a800 VMThread [stack: 0x0000000057ed0000,0x0000000057fd0000] [id=8660]
  0x0000000058471000 WatcherThread [stack: 0x0000000058ef0000,0x0000000058ff0000] [id=9952]

VM state:not at safepoint (normal execution)

VM Mutex/Monitor currently owned by a thread: None

Heap:
 PSYoungGen      total 554496K, used 158158K [0x00000000d8100000, 0x0000000100000000, 0x0000000100000000)
  eden space 454656K, 34% used [0x00000000d8100000,0x00000000e1aa0a40,0x00000000f3d00000)
  from space 99840K, 0% used [0x00000000f3d00000,0x00000000f3dd2fe0,0x00000000f9e80000)
  to   space 99840K, 0% used [0x00000000f9e80000,0x00000000f9e80000,0x0000000100000000)
 ParOldGen       total 442368K, used 271900K [0x0000000088200000, 0x00000000a3200000, 0x00000000d8100000)
  object space 442368K, 61% used [0x0000000088200000,0x0000000098b87350,0x00000000a3200000)
 Metaspace       used 13323K, capacity 13478K, committed 13696K, reserved 1060864K
  class space    used 1786K, capacity 1839K, committed 1920K, reserved 1048576K

Card table byte_map: [0x0000000011ab0000,0x0000000011e70000] byte_map_base: 0x000000001166f000

Marking Bits: (ParMarkBitMap*) 0x000000007040d4f0
 Begin Bits: [0x00000000126f0000, 0x00000000144e8000)
 End Bits:   [0x00000000144e8000, 0x00000000162e0000)

Polling page: 0x0000000000230000

CodeCache: size=245760Kb used=4054Kb max_used=4054Kb free=241705Kb
 bounds [0x00000000026f0000, 0x0000000002af0000, 0x00000000116f0000]
 total_blobs=1587 nmethods=1086 adapters=416
 compilation: enabled

Compilation events (10 events):
Event: 13.641 Thread 0x0000000057096800 nmethod 1093 0x0000000002ae2f50 code [0x0000000002ae30a0, 0x0000000002ae31b0]
Event: 13.641 Thread 0x0000000057096800 1094       1       java.awt.event.MouseEvent::getClickCount (5 bytes)
Event: 13.641 Thread 0x0000000057096800 nmethod 1094 0x0000000002ae3210 code [0x0000000002ae3360, 0x0000000002ae3470]
Event: 13.641 Thread 0x0000000057096800 1095       1       java.awt.event.MouseEvent::getButton (5 bytes)
Event: 13.641 Thread 0x0000000057096800 nmethod 1095 0x0000000002ae34d0 code [0x0000000002ae3620, 0x0000000002ae3730]
Event: 13.642 Thread 0x0000000057096800 1098       3       sun.awt.windows.WObjectPeer::getPeerForTarget (10 bytes)
Event: 13.643 Thread 0x0000000057096800 nmethod 1098 0x0000000002ae3ed0 code [0x0000000002ae40a0, 0x0000000002ae47f8]
Event: 13.654 Thread 0x00000000583e2800 1099       4       java.awt.Container::findComponentAtImpl (315 bytes)
Event: 13.656 Thread 0x0000000057096800 1100       3       java.awt.EventQueue::uncacheEQItem (53 bytes)
Event: 13.657 Thread 0x0000000057096800 nmethod 1100 0x0000000002ae4b50 code [0x0000000002ae4ce0, 0x0000000002ae5388]

GC Heap History (10 events):
Event: 6.768 GC heap before
{Heap before GC invocations=10 (full 1):
 PSYoungGen      total 514048K, used 499604K [0x00000000d8100000, 0x00000000fc300000, 0x0000000100000000)
  eden space 473088K, 100% used [0x00000000d8100000,0x00000000f4f00000,0x00000000f4f00000)
  from space 40960K, 64% used [0x00000000f8300000,0x00000000f9ce5030,0x00000000fab00000)
  to   space 53248K, 0% used [0x00000000f4f00000,0x00000000f4f00000,0x00000000f8300000)
 ParOldGen       total 154112K, used 81555K [0x0000000088200000, 0x0000000091880000, 0x00000000d8100000)
  object space 154112K, 52% used [0x0000000088200000,0x000000008d1a4d28,0x0000000091880000)
 Metaspace       used 12625K, capacity 12774K, committed 13056K, reserved 1060864K
  class space    used 1707K, capacity 1775K, committed 1792K, reserved 1048576K
Event: 6.905 GC heap after
Heap after GC invocations=10 (full 1):
 PSYoungGen      total 526336K, used 53216K [0x00000000d8100000, 0x0000000100000000, 0x0000000100000000)
  eden space 473088K, 0% used [0x00000000d8100000,0x00000000d8100000,0x00000000f4f00000)
  from space 53248K, 99% used [0x00000000f4f00000,0x00000000f82f8010,0x00000000f8300000)
  to   space 74240K, 0% used [0x00000000fb780000,0x00000000fb780000,0x0000000100000000)
 ParOldGen       total 154112K, used 110107K [0x0000000088200000, 0x0000000091880000, 0x00000000d8100000)
  object space 154112K, 71% used [0x0000000088200000,0x000000008ed86d28,0x0000000091880000)
 Metaspace       used 12625K, capacity 12774K, committed 13056K, reserved 1060864K
  class space    used 1707K, capacity 1775K, committed 1792K, reserved 1048576K
}
Event: 7.469 GC heap before
{Heap before GC invocations=11 (full 1):
 PSYoungGen      total 526336K, used 526304K [0x00000000d8100000, 0x0000000100000000, 0x0000000100000000)
  eden space 473088K, 100% used [0x00000000d8100000,0x00000000f4f00000,0x00000000f4f00000)
  from space 53248K, 99% used [0x00000000f4f00000,0x00000000f82f8010,0x00000000f8300000)
  to   space 74240K, 0% used [0x00000000fb780000,0x00000000fb780000,0x0000000100000000)
 ParOldGen       total 154112K, used 110107K [0x0000000088200000, 0x0000000091880000, 0x00000000d8100000)
  object space 154112K, 71% used [0x0000000088200000,0x000000008ed86d28,0x0000000091880000)
 Metaspace       used 12625K, capacity 12774K, committed 13056K, reserved 1060864K
  class space    used 1707K, capacity 1775K, committed 1792K, reserved 1048576K
Event: 7.698 GC heap after
Heap after GC invocations=11 (full 1):
 PSYoungGen      total 528896K, used 74208K [0x00000000d8100000, 0x0000000100000000, 0x0000000100000000)
  eden space 454656K, 0% used [0x00000000d8100000,0x00000000d8100000,0x00000000f3d00000)
  from space 74240K, 99% used [0x00000000fb780000,0x00000000ffff8010,0x0000000100000000)
  to   space 99840K, 0% used [0x00000000f3d00000,0x00000000f3d00000,0x00000000f9e80000)
 ParOldGen       total 154112K, used 146507K [0x0000000088200000, 0x0000000091880000, 0x00000000d8100000)
  object space 154112K, 95% used [0x0000000088200000,0x0000000091112d28,0x0000000091880000)
 Metaspace       used 12625K, capacity 12774K, committed 13056K, reserved 1060864K
  class space    used 1707K, capacity 1775K, committed 1792K, reserved 1048576K
}
Event: 7.698 GC heap before
{Heap before GC invocations=12 (full 2):
 PSYoungGen      total 528896K, used 74208K [0x00000000d8100000, 0x0000000100000000, 0x0000000100000000)
  eden space 454656K, 0% used [0x00000000d8100000,0x00000000d8100000,0x00000000f3d00000)
  from space 74240K, 99% used [0x00000000fb780000,0x00000000ffff8010,0x0000000100000000)
  to   space 99840K, 0% used [0x00000000f3d00000,0x00000000f3d00000,0x00000000f9e80000)
 ParOldGen       total 154112K, used 146507K [0x0000000088200000, 0x0000000091880000, 0x00000000d8100000)
  object space 154112K, 95% used [0x0000000088200000,0x0000000091112d28,0x0000000091880000)
 Metaspace       used 12625K, capacity 12774K, committed 13056K, reserved 1060864K
  class space    used 1707K, capacity 1775K, committed 1792K, reserved 1048576K
Event: 8.773 GC heap after
Heap after GC invocations=12 (full 2):
 PSYoungGen      total 528896K, used 65832K [0x00000000d8100000, 0x0000000100000000, 0x0000000100000000)
  eden space 454656K, 0% used [0x00000000d8100000,0x00000000d8100000,0x00000000f3d00000)
  from space 74240K, 88% used [0x00000000fb780000,0x00000000ff7ca290,0x0000000100000000)
  to   space 99840K, 0% used [0x00000000f3d00000,0x00000000f3d00000,0x00000000f9e80000)
 ParOldGen       total 272384K, used 154021K [0x0000000088200000, 0x0000000098c00000, 0x00000000d8100000)
  object space 272384K, 56% used [0x0000000088200000,0x00000000918696a0,0x0000000098c00000)
 Metaspace       used 12625K, capacity 12774K, committed 13056K, reserved 1060864K
  class space    used 1707K, capacity 1775K, committed 1792K, reserved 1048576K
}
Event: 9.325 GC heap before
{Heap before GC invocations=13 (full 2):
 PSYoungGen      total 528896K, used 520488K [0x00000000d8100000, 0x0000000100000000, 0x0000000100000000)
  eden space 454656K, 100% used [0x00000000d8100000,0x00000000f3d00000,0x00000000f3d00000)
  from space 74240K, 88% used [0x00000000fb780000,0x00000000ff7ca290,0x0000000100000000)
  to   space 99840K, 0% used [0x00000000f3d00000,0x00000000f3d00000,0x00000000f9e80000)
 ParOldGen       total 272384K, used 154021K [0x0000000088200000, 0x0000000098c00000, 0x00000000d8100000)
  object space 272384K, 56% used [0x0000000088200000,0x00000000918696a0,0x0000000098c00000)
 Metaspace       used 12627K, capacity 12774K, committed 13056K, reserved 1060864K
  class space    used 1707K, capacity 1775K, committed 1792K, reserved 1048576K
Event: 9.524 GC heap after
Heap after GC invocations=13 (full 2):
 PSYoungGen      total 554496K, used 53120K [0x00000000d8100000, 0x0000000100000000, 0x0000000100000000)
  eden space 454656K, 0% used [0x00000000d8100000,0x00000000d8100000,0x00000000f3d00000)
  from space 99840K, 53% used [0x00000000f3d00000,0x00000000f70e0000,0x00000000f9e80000)
  to   space 99840K, 0% used [0x00000000f9e80000,0x00000000f9e80000,0x0000000100000000)
 ParOldGen       total 272384K, used 220493K [0x0000000088200000, 0x0000000098c00000, 0x00000000d8100000)
  object space 272384K, 80% used [0x0000000088200000,0x00000000959536b0,0x0000000098c00000)
 Metaspace       used 12627K, capacity 12774K, committed 13056K, reserved 1060864K
  class space    used 1707K, capacity 1775K, committed 1792K, reserved 1048576K
}
Event: 9.524 GC heap before
{Heap before GC invocations=14 (full 3):
 PSYoungGen      total 554496K, used 53120K [0x00000000d8100000, 0x0000000100000000, 0x0000000100000000)
  eden space 454656K, 0% used [0x00000000d8100000,0x00000000d8100000,0x00000000f3d00000)
  from space 99840K, 53% used [0x00000000f3d00000,0x00000000f70e0000,0x00000000f9e80000)
  to   space 99840K, 0% used [0x00000000f9e80000,0x00000000f9e80000,0x0000000100000000)
 ParOldGen       total 272384K, used 220493K [0x0000000088200000, 0x0000000098c00000, 0x00000000d8100000)
  object space 272384K, 80% used [0x0000000088200000,0x00000000959536b0,0x0000000098c00000)
 Metaspace       used 12627K, capacity 12774K, committed 13056K, reserved 1060864K
  class space    used 1707K, capacity 1775K, committed 1792K, reserved 1048576K
Event: 10.765 GC heap after
Heap after GC invocations=14 (full 3):
 PSYoungGen      total 554496K, used 843K [0x00000000d8100000, 0x0000000100000000, 0x0000000100000000)
  eden space 454656K, 0% used [0x00000000d8100000,0x00000000d8100000,0x00000000f3d00000)
  from space 99840K, 0% used [0x00000000f3d00000,0x00000000f3dd2fe0,0x00000000f9e80000)
  to   space 99840K, 0% used [0x00000000f9e80000,0x00000000f9e80000,0x0000000100000000)
 ParOldGen       total 442368K, used 271900K [0x0000000088200000, 0x00000000a3200000, 0x00000000d8100000)
  object space 442368K, 61% used [0x0000000088200000,0x0000000098b87350,0x00000000a3200000)
 Metaspace       used 12627K, capacity 12774K, committed 13056K, reserved 1060864K
  class space    used 1707K, capacity 1775K, committed 1792K, reserved 1048576K
}

Deoptimization events (10 events):
Event: 1.820 Thread 0x00000000587b8000 Uncommon trap: reason=class_check action=maybe_recompile pc=0x000000000299469c method=java.util.regex.Pattern$Curly.match0(Ljava/util/regex/Matcher;IILjava/lang/CharSequence;)Z @ 170
Event: 1.890 Thread 0x00000000587b8000 Uncommon trap: reason=class_check action=maybe_recompile pc=0x0000000002968a04 method=java.util.regex.Pattern$CharProperty.match(Ljava/util/regex/Matcher;ILjava/lang/CharSequence;)Z @ 37
Event: 1.892 Thread 0x00000000587b8000 Uncommon trap: reason=class_check action=maybe_recompile pc=0x0000000002968a04 method=java.util.regex.Pattern$CharProperty.match(Ljava/util/regex/Matcher;ILjava/lang/CharSequence;)Z @ 37
Event: 1.954 Thread 0x00000000587b8000 Uncommon trap: reason=class_check action=maybe_recompile pc=0x000000000299469c method=java.util.regex.Pattern$Curly.match0(Ljava/util/regex/Matcher;IILjava/lang/CharSequence;)Z @ 170
Event: 1.990 Thread 0x00000000587b8000 Uncommon trap: reason=class_check action=maybe_recompile pc=0x000000000299469c method=java.util.regex.Pattern$Curly.match0(Ljava/util/regex/Matcher;IILjava/lang/CharSequence;)Z @ 170
Event: 1.998 Thread 0x00000000587b8000 Uncommon trap: reason=class_check action=maybe_recompile pc=0x000000000299469c method=java.util.regex.Pattern$Curly.match0(Ljava/util/regex/Matcher;IILjava/lang/CharSequence;)Z @ 170
Event: 10.963 Thread 0x00000000587b8000 Uncommon trap: reason=unreached action=reinterpret pc=0x0000000002a61584 method=java.util.Scanner.hasNextLine()Z @ 31
Event: 11.034 Thread 0x00000000587b8000 Uncommon trap: reason=class_check action=maybe_recompile pc=0x00000000028871cc method=java.lang.String.equals(Ljava/lang/Object;)Z @ 8
Event: 11.034 Thread 0x00000000587b8000 Uncommon trap: reason=class_check action=maybe_recompile pc=0x00000000028871cc method=java.lang.String.equals(Ljava/lang/Object;)Z @ 8
Event: 11.098 Thread 0x00000000587b8000 Uncommon trap: reason=unreached action=reinterpret pc=0x0000000002a47f74 method=java.util.Locale.equals(Ljava/lang/Object;)Z @ 2

Internal exceptions (10 events):
Event: 1.181 Thread 0x00000000587b8000 Exception <a 'java/security/PrivilegedActionException'> (0x00000000d87cd8b0) thrown at [C:\workspace\8-2-build-windows-amd64-cygwin\jdk8u31\2394\hotspot\src\share\vm\prims\jvm.cpp, line 1312]
Event: 1.183 Thread 0x00000000587b8000 Exception <a 'java/security/PrivilegedActionException'> (0x00000000d87cf540) thrown at [C:\workspace\8-2-build-windows-amd64-cygwin\jdk8u31\2394\hotspot\src\share\vm\prims\jvm.cpp, line 1312]
Event: 1.184 Thread 0x00000000587b8000 Exception <a 'java/security/PrivilegedActionException'> (0x00000000d87d1450) thrown at [C:\workspace\8-2-build-windows-amd64-cygwin\jdk8u31\2394\hotspot\src\share\vm\prims\jvm.cpp, line 1312]
Event: 1.187 Thread 0x00000000587b8000 Exception <a 'java/security/PrivilegedActionException'> (0x00000000d87d2fe8) thrown at [C:\workspace\8-2-build-windows-amd64-cygwin\jdk8u31\2394\hotspot\src\share\vm\prims\jvm.cpp, line 1312]
Event: 1.192 Thread 0x00000000587b8000 Exception <a 'java/security/PrivilegedActionException'> (0x00000000d87d5080) thrown at [C:\workspace\8-2-build-windows-amd64-cygwin\jdk8u31\2394\hotspot\src\share\vm\prims\jvm.cpp, line 1312]
Event: 1.570 Thread 0x00000000587b8000 Exception <a 'java/security/PrivilegedActionException'> (0x00000000d88e42b0) thrown at [C:\workspace\8-2-build-windows-amd64-cygwin\jdk8u31\2394\hotspot\src\share\vm\prims\jvm.cpp, line 1312]
Event: 1.570 Thread 0x00000000587b8000 Exception <a 'java/security/PrivilegedActionException'> (0x00000000d88e5690) thrown at [C:\workspace\8-2-build-windows-amd64-cygwin\jdk8u31\2394\hotspot\src\share\vm\prims\jvm.cpp, line 1312]
Event: 1.576 Thread 0x00000000587b8000 Exception <a 'java/security/PrivilegedActionException'> (0x00000000d88ec0d8) thrown at [C:\workspace\8-2-build-windows-amd64-cygwin\jdk8u31\2394\hotspot\src\share\vm\prims\jvm.cpp, line 1312]
Event: 1.579 Thread 0x00000000587b8000 Exception <a 'java/security/PrivilegedActionException'> (0x00000000d88ef388) thrown at [C:\workspace\8-2-build-windows-amd64-cygwin\jdk8u31\2394\hotspot\src\share\vm\prims\jvm.cpp, line 1312]
Event: 1.585 Thread 0x00000000587b8000 Exception <a 'java/security/PrivilegedActionException'> (0x00000000d88f2f68) thrown at [C:\workspace\8-2-build-windows-amd64-cygwin\jdk8u31\2394\hotspot\src\share\vm\prims\jvm.cpp, line 1312]

Events (10 events):
Event: 13.366 loading class java/awt/Container$MouseEventTargetFilter
Event: 13.367 loading class java/awt/Container$EventTargetFilter
Event: 13.367 loading class java/awt/Container$EventTargetFilter done
Event: 13.367 loading class java/awt/Container$MouseEventTargetFilter done
Event: 13.367 loading class java/awt/LightweightDispatcher$1
Event: 13.368 loading class java/awt/LightweightDispatcher$1 done
Event: 13.368 loading class java/awt/AWTEvent$2
Event: 13.368 loading class java/awt/AWTEvent$2 done
Event: 13.368 loading class sun/reflect/UnsafeBooleanFieldAccessorImpl
Event: 13.369 loading class sun/reflect/UnsafeBooleanFieldAccessorImpl done


Dynamic libraries:
0x000000013f760000 - 0x000000013f794000 	X:\Program Files\Java\jdk1.8.0_31\bin\java.exe
0x0000000077890000 - 0x0000000077a39000 	X:\Windows\SYSTEM32\ntdll.dll
0x0000000077770000 - 0x000000007788f000 	X:\Windows\system32\kernel32.dll
0x000007fefd7c0000 - 0x000007fefd82c000 	X:\Windows\system32\KERNELBASE.dll
0x000007feff6c0000 - 0x000007feff79b000 	X:\Windows\system32\ADVAPI32.dll
0x000007fefdc00000 - 0x000007fefdc9f000 	X:\Windows\system32\msvcrt.dll
0x000007feffb80000 - 0x000007feffb9f000 	X:\Windows\SYSTEM32\sechost.dll
0x000007fefda10000 - 0x000007fefdb3d000 	X:\Windows\system32\RPCRT4.dll
0x0000000077670000 - 0x000000007776a000 	X:\Windows\system32\USER32.dll
0x000007fefdca0000 - 0x000007fefdd07000 	X:\Windows\system32\GDI32.dll
0x000007fefe180000 - 0x000007fefe18e000 	X:\Windows\system32\LPK.dll
0x000007feff2e0000 - 0x000007feff3a9000 	X:\Windows\system32\USP10.dll
0x000007fefc1b0000 - 0x000007fefc3a4000 	X:\Windows\WinSxS\amd64_microsoft.windows.common-controls_6595b64144ccf1df_6.0.7601.17514_none_fa396087175ac9ac\COMCTL32.dll
0x000007feff640000 - 0x000007feff6b1000 	X:\Windows\system32\SHLWAPI.dll
0x000007feff400000 - 0x000007feff42e000 	X:\Windows\system32\IMM32.DLL
0x000007fefe190000 - 0x000007fefe299000 	X:\Windows\system32\MSCTF.dll
0x0000000066220000 - 0x00000000662f2000 	X:\Program Files\Java\jdk1.8.0_31\jre\bin\msvcr100.dll
0x000000006fc30000 - 0x000000007048a000 	X:\Program Files\Java\jdk1.8.0_31\jre\bin\server\jvm.dll
0x000007fefa920000 - 0x000007fefa929000 	X:\Windows\system32\WSOCK32.dll
0x000007feff3b0000 - 0x000007feff3fd000 	X:\Windows\system32\WS2_32.dll
0x000007fefe170000 - 0x000007fefe178000 	X:\Windows\system32\NSI.dll
0x000007fef78f0000 - 0x000007fef792b000 	X:\Windows\system32\WINMM.dll
0x0000000077a50000 - 0x0000000077a57000 	X:\Windows\system32\PSAPI.DLL
0x0000000071f50000 - 0x0000000071f5f000 	X:\Program Files\Java\jdk1.8.0_31\jre\bin\verify.dll
0x0000000070580000 - 0x00000000705a8000 	X:\Program Files\Java\jdk1.8.0_31\jre\bin\java.dll
0x00000000712c0000 - 0x00000000712d6000 	X:\Program Files\Java\jdk1.8.0_31\jre\bin\zip.dll
0x000007fefe550000 - 0x000007feff2d8000 	X:\Windows\system32\SHELL32.dll
0x000007feff430000 - 0x000007feff633000 	X:\Windows\system32\ole32.dll
0x000007fefd650000 - 0x000007fefd65f000 	X:\Windows\system32\profapi.dll
0x000000005ffe0000 - 0x0000000060178000 	X:\Program Files\Java\jdk1.8.0_31\jre\bin\awt.dll
0x000007feff980000 - 0x000007feffa57000 	X:\Windows\system32\OLEAUT32.dll
0x000007fefbe30000 - 0x000007fefbe86000 	X:\Windows\system32\uxtheme.dll
0x000007fefb7f0000 - 0x000007fefb808000 	X:\Windows\system32\dwmapi.dll
0x000007fefd4f0000 - 0x000007fefd4ff000 	X:\Windows\system32\CRYPTBASE.dll
0x0000000066ae0000 - 0x0000000066b27000 	X:\Program Files\Java\jdk1.8.0_31\jre\bin\fontmanager.dll
0x000007fee8c30000 - 0x000007fee8e2f000 	X:\Windows\system32\d3d9.dll
0x000007fefc6d0000 - 0x000007fefc6dc000 	X:\Windows\system32\VERSION.dll
0x000007fefa5c0000 - 0x000007fefa5c7000 	X:\Windows\system32\d3d8thk.dll
0x000007fef6b10000 - 0x000007fef6c5c000 	X:\Windows\system32\aticfx64.dll
0x000007feef390000 - 0x000007feef3b1000 	X:\Windows\system32\atiu9p64.dll
0x000007fee8430000 - 0x000007fee8c26000 	X:\Windows\system32\atiumd64.dll
0x000000005a2a0000 - 0x000000005aaa8000 	X:\Windows\system32\atiumd6a.dll
0x000007fefc6a0000 - 0x000007fefc6cc000 	X:\Windows\system32\POWRPROF.dll
0x000007feff7a0000 - 0x000007feff977000 	X:\Windows\system32\SETUPAPI.dll
0x000007fefd9a0000 - 0x000007fefd9d6000 	X:\Windows\system32\CFGMGR32.dll
0x000007fefd6e0000 - 0x000007fefd6fa000 	X:\Windows\system32\DEVOBJ.dll
0x0000000071870000 - 0x000000007188a000 	X:\Program Files\Java\jdk1.8.0_31\jre\bin\net.dll
0x000007fefcd30000 - 0x000007fefcd85000 	X:\Windows\system32\mswsock.dll
0x000007fefd020000 - 0x000007fefd027000 	X:\Windows\System32\wship6.dll
0x00000000002e0000 - 0x00000000002f1000 	X:\Program Files\Java\jdk1.8.0_31\jre\bin\nio.dll
0x0000000066800000 - 0x0000000066841000 	X:\Program Files\Java\jdk1.8.0_31\jre\bin\t2k.dll
0x000007fefdb60000 - 0x000007fefdbf9000 	X:\Windows\system32\CLBCatQ.DLL
0x000007fefb640000 - 0x000007fefb7a1000 	X:\Windows\system32\WindowsCodecs.dll
0x000007fefd450000 - 0x000007fefd4a7000 	X:\Windows\system32\apphelp.dll
0x000007fefc660000 - 0x000007fefc691000 	X:\Users\Alain\AppData\Roaming\Dropbox\bin\DropboxExt64.25.dll
0x000007fefc620000 - 0x000007fefc655000 	X:\Windows\system32\EhStorShell.dll
0x000007fefbe90000 - 0x000007fefbfbc000 	X:\Windows\system32\PROPSYS.dll
0x000007fef4bf0000 - 0x000007fef5262000 	X:\PROGRA~1\MICROS~2\Office14\GROOVEEX.DLL
0x0000000073a60000 - 0x0000000073b03000 	X:\Windows\WinSxS\amd64_microsoft.vc90.crt_1fc8b3b9a1e18e3b_9.0.30729.6161_none_08e61857a83bc251\MSVCR90.dll
0x00000000721f0000 - 0x00000000722c3000 	X:\Windows\WinSxS\amd64_microsoft.vc90.crt_1fc8b3b9a1e18e3b_9.0.30729.6161_none_08e61857a83bc251\MSVCP90.dll
0x0000000071a30000 - 0x0000000071a5f000 	X:\Windows\WinSxS\amd64_microsoft.vc90.atl_1fc8b3b9a1e18e3b_9.0.30729.6161_none_0a1fd3a3a768b895\ATL90.DLL
0x000007fef6700000 - 0x000007fef6b0f000 	X:\PROGRA~1\COMMON~1\MICROS~1\OFFICE14\Cultures\office.odf
0x000007fef4380000 - 0x000007fef4be4000 	X:\PROGRA~1\MICROS~2\Office14\1033\GrooveIntlResource.dll
0x0000000001fa0000 - 0x0000000001fca000 	X:\Program Files\Java\jdk1.8.0_31\jre\bin\dcpr.dll

VM Arguments:
jvm_args: -Dfile.encoding=UTF-8 
java_command: RhymingDictionary.RhymingDictionary
java_class_path (initial): X:\Users\Alain\Documents\Rhyming Dictionary\RhymingDictionary\build\classes
Launcher Type: SUN_STANDARD

Environment Variables:
PATH=X:\Python34\;X:\Python34\Scripts;X:\ProgramData\Oracle\Java\javapath;X:\Program Files (x86)\NVIDIA Corporation\PhysX\Common;X:\Program Files\Common Files\Microsoft Shared\Windows Live;X:\Program Files (x86)\Common Files\Microsoft Shared\Windows Live;X:\Program Files (x86)\AMD APP\bin\x86_64;X:\Program Files (x86)\AMD APP\bin\x86;X:\Windows\system32;X:\Windows;X:\Windows\System32\Wbem;X:\Windows\System32\WindowsPowerShell\v1.0\;X:\Program Files (x86)\ATI Technologies\ATI.ACE\Core-Static;X:\Program Files (x86)\Windows Live\Shared;X:\Program Files (x86)\AMD\ATI.ACE\Core-Static
USERNAME=Alain
OS=Windows_NT
PROCESSOR_IDENTIFIER=AMD64 Family 18 Model 1 Stepping 0, AuthenticAMD



---------------  S Y S T E M  ---------------

OS: Windows 7 , 64 bit Build 7601 Service Pack 1

CPU:total 4 (4 cores per cpu, 1 threads per core) family 18 model 1 stepping 0, cmov, cx8, fxsr, mmx, sse, sse2, sse3, popcnt, mmxext, 3dnowpref, lzcnt, sse4a, tsc, tscinvbit, tscinv

Memory: 4k page, physical 7853484k(218688k free), swap 9706480k(4736k free)

vm_info: Java HotSpot(TM) 64-Bit Server VM (25.31-b07) for windows-amd64 JRE (1.8.0_31-b13), built on Dec 17 2014 21:00:28 by "java_re" with MS VC++ 10.0 (VS2010)

time: Sun Mar 15 13:50:41 2015
elapsed time: 13 seconds (0d 0h 0m 13s)

